1.3324 	WARNING 	We strongly recommend you activate the PTB sound engine in PsychoPy prefs as the preferred audio engine. Its timing is vastly superior. Your prefs are currently set to use ['sounddevice', 'PTB', 'pyo', 'pygame'] (in that order).
4.1356 	WARNING 	User requested fullscreen with size [1440  900], but screen is actually [1920, 1080]. Using actual size
8.3693 	EXP 	Created window1 = Window(allowGUI=False, allowStencil=False, autoLog=True, backendConf=UNKNOWN, bitsMode=UNKNOWN, blendMode='avg', bpc=(8, 8, 8), color=array([0, 0, 0]), colorSpace='rgb', depthBits=8, fullscr=<method-wrapper '__getattribute__' of attributeSetter object at 0x0000027E650FC390>, gamma=None, gammaErrorPolicy='raise', lms=UNKNOWN, monitor=<psychopy.monitors.calibTools.Monitor object at 0x0000027E650C1A20>, multiSample=False, name='window1', numSamples=2, pos=[0.0, 0.0], screen=0, size=array([1920, 1080]), stencilBits=0, stereo=False, units='height', useFBO=True, useRetina=False, viewOri=0.0, viewPos=None, viewScale=None, waitBlanking=True, winType='pyglet')
8.3698 	EXP 	window1: mouseVisible = True
8.3698 	EXP 	window1: recordFrameIntervals = False
8.4098 	EXP 	window1: recordFrameIntervals = True
8.4559 	EXP 	window1: recordFrameIntervals = False
8.6845 	EXP 	Created image = ImageStim(__class__=<class 'psychopy.visual.image.ImageStim'>, autoLog=True, color=array([1., 1., 1.]), colorSpace='rgb', contrast=1.0, depth=0.0, flipHoriz=False, flipVert=False, image='sin', interpolate=True, mask=None, maskParams=None, name='image', opacity=1, ori=0.0, pos=array([0., 0.]), size=array([0.5, 0.5]), texRes=128.0, units='height', win=Window(...))
8.8209 	EXP 	Imported conditions.xlsx as conditions, 10 conditions, 1 params
8.8228 	EXP 	Created sequence: random, trialTypes=10, nReps=180, seed=None
8.8235 	EXP 	New trial (rep=0, index=0): {'images': 'images/target.png'}
8.8913 	EXP 	image: image = 'images/target.png'
13.8852 	EXP 	image: autoDraw = True
14.8190 	EXP 	New trial (rep=0, index=1): {'images': 'images/target.png'}
14.8503 	EXP 	image: autoDraw = False
14.8503 	EXP 	image: image = 'images/target.png'
19.8474 	EXP 	image: autoDraw = True
20.8211 	EXP 	New trial (rep=0, index=2): {'images': 'images/target.png'}
20.8518 	EXP 	image: autoDraw = False
20.8518 	EXP 	image: image = 'images/target.png'
25.8494 	EXP 	image: autoDraw = True
26.8218 	EXP 	New trial (rep=0, index=3): {'images': 'images/target.png'}
26.8698 	EXP 	image: autoDraw = False
26.8698 	EXP 	image: image = 'images/target.png'
31.8651 	EXP 	image: autoDraw = True
32.8222 	EXP 	New trial (rep=0, index=4): {'images': 'images/target.png'}
32.8629 	EXP 	image: autoDraw = False
32.8629 	EXP 	image: image = 'images/target.png'
36.6686 	DATA 	Keypress: escape
39.2492 	EXP 	window1: mouseVisible = True
