0.8490 	WARNING 	We strongly recommend you activate the PTB sound engine in PsychoPy prefs as the preferred audio engine. Its timing is vastly superior. Your prefs are currently set to use ['sounddevice', 'PTB', 'pyo', 'pygame'] (in that order).
6.3176 	EXP 	Created window1 = Window(allowGUI=False, allowStencil=False, autoLog=True, backendConf=UNKNOWN, bitsMode=UNKNOWN, blendMode='avg', bpc=(8, 8, 8), color=array([0, 0, 0]), colorSpace='rgb', depthBits=8, fullscr=<method-wrapper '__getattribute__' of attributeSetter object at 0x7fb6add3db38>, gamma=None, gammaErrorPolicy='raise', lms=UNKNOWN, monitor=<psychopy.monitors.calibTools.Monitor object at 0x7fb6adc5f278>, multiSample=False, name='window1', numSamples=2, pos=[360.0, 225.0], screen=0, size=array([2880, 1800]), stencilBits=0, stereo=False, units='height', useFBO=True, useRetina=True, viewOri=0.0, viewPos=None, viewScale=None, waitBlanking=True, winType='pyglet')
6.3179 	EXP 	window1: mouseVisible = True
6.3180 	EXP 	window1: recordFrameIntervals = False
6.4831 	EXP 	window1: recordFrameIntervals = True
6.6829 	EXP 	window1: recordFrameIntervals = False
8.3157 	EXP 	Created image = ImageStim(__class__=<class 'psychopy.visual.image.ImageStim'>, autoLog=True, color=array([1., 1., 1.]), colorSpace='rgb', contrast=1.0, depth=0.0, flipHoriz=False, flipVert=False, image='sin', interpolate=True, mask=None, maskParams=None, name='image', opacity=1, ori=0.0, pos=array([0., 0.]), size=array([0.5, 0.5]), texRes=128.0, units='height', win=Window(...))
8.3237 	EXP 	Imported conditions.xlsx as conditions, 10 conditions, 1 params
8.3245 	EXP 	Created sequence: sequential, trialTypes=10, nReps=5, seed=None
8.3249 	EXP 	New trial (rep=0, index=0): {'images': 'images/target.png'}
8.4079 	EXP 	image: image = 'images/target.png'
18.4041 	EXP 	image: autoDraw = True
19.3187 	EXP 	New trial (rep=0, index=1): {'images': 'images/target.png'}
19.3891 	EXP 	image: autoDraw = False
19.3891 	EXP 	image: image = 'images/target.png'
29.3837 	EXP 	image: autoDraw = True
30.3338 	EXP 	New trial (rep=0, index=2): {'images': 'images/target.png'}
30.3938 	EXP 	image: autoDraw = False
30.3938 	EXP 	image: image = 'images/target.png'
40.3822 	EXP 	image: autoDraw = True
41.3179 	EXP 	New trial (rep=0, index=3): {'images': 'images/target.png'}
41.3828 	EXP 	image: autoDraw = False
41.3828 	EXP 	image: image = 'images/target.png'
42.4745 	DATA 	Keypress: escape
43.1606 	EXP 	window1: mouseVisible = True
