1.2147 	WARNING 	We strongly recommend you activate the PTB sound engine in PsychoPy prefs as the preferred audio engine. Its timing is vastly superior. Your prefs are currently set to use ['sounddevice', 'PTB', 'pyo', 'pygame'] (in that order).
7.8748 	EXP 	Created window1 = Window(allowGUI=False, allowStencil=False, autoLog=True, backendConf=UNKNOWN, bitsMode=UNKNOWN, blendMode='avg', bpc=(8, 8, 8), color=array([0, 0, 0]), colorSpace='rgb', depthBits=8, fullscr=<method-wrapper '__getattribute__' of attributeSetter object at 0x7f9fe1763b38>, gamma=None, gammaErrorPolicy='raise', lms=UNKNOWN, monitor=<psychopy.monitors.calibTools.Monitor object at 0x7f9fe0c102e8>, multiSample=False, name='window1', numSamples=2, pos=[360.0, 225.0], screen=0, size=array([2880, 1800]), stencilBits=0, stereo=False, units='height', useFBO=True, useRetina=True, viewOri=0.0, viewPos=None, viewScale=None, waitBlanking=True, winType='pyglet')
7.8751 	EXP 	window1: mouseVisible = True
7.8752 	EXP 	window1: recordFrameIntervals = False
8.0408 	EXP 	window1: recordFrameIntervals = True
8.2249 	EXP 	window1: recordFrameIntervals = False
9.8856 	EXP 	Created image = ImageStim(__class__=<class 'psychopy.visual.image.ImageStim'>, autoLog=True, color=array([1., 1., 1.]), colorSpace='rgb', contrast=1.0, depth=0.0, flipHoriz=False, flipVert=False, image='sin', interpolate=True, mask=None, maskParams=None, name='image', opacity=1, ori=0.0, pos=array([0., 0.]), size=array([0.5, 0.5]), texRes=128.0, units='height', win=Window(...))
9.8931 	EXP 	Imported conditions.xlsx as conditions, 1 conditions, 1 params
9.8938 	EXP 	Created sequence: random, trialTypes=1, nReps=5, seed=None
9.8940 	EXP 	New trial (rep=0, index=0): {'images': 'images/target.png'}
9.9915 	EXP 	image: image = 'images/target.png'
9.9915 	EXP 	image: autoDraw = True
10.4941 	EXP 	New trial (rep=1, index=0): {'images': 'images/target.png'}
10.5580 	EXP 	image: autoDraw = False
10.5580 	EXP 	image: image = 'images/target.png'
10.5580 	EXP 	image: autoDraw = True
11.0942 	EXP 	New trial (rep=2, index=0): {'images': 'images/target.png'}
11.1613 	EXP 	image: autoDraw = False
11.1613 	EXP 	image: image = 'images/target.png'
11.1613 	EXP 	image: autoDraw = True
11.6939 	EXP 	New trial (rep=3, index=0): {'images': 'images/target.png'}
11.7600 	EXP 	image: autoDraw = False
11.7600 	EXP 	image: image = 'images/target.png'
11.7600 	EXP 	image: autoDraw = True
12.2937 	EXP 	New trial (rep=4, index=0): {'images': 'images/target.png'}
12.3684 	EXP 	image: autoDraw = False
12.3684 	EXP 	image: image = 'images/target.png'
12.3684 	EXP 	image: autoDraw = True
12.9088 	EXP 	image: autoDraw = False
13.5090 	EXP 	window1: mouseVisible = True
