1.3348 	WARNING 	We strongly recommend you activate the PTB sound engine in PsychoPy prefs as the preferred audio engine. Its timing is vastly superior. Your prefs are currently set to use ['sounddevice', 'PTB', 'pyo', 'pygame'] (in that order).
4.4967 	WARNING 	User requested fullscreen with size [1440  900], but screen is actually [1920, 1080]. Using actual size
13.8234 	EXP 	Created window1 = Window(allowGUI=False, allowStencil=False, autoLog=True, backendConf=UNKNOWN, bitsMode=UNKNOWN, blendMode='avg', bpc=(8, 8, 8), color=array([0, 0, 0]), colorSpace='rgb', depthBits=8, fullscr=<method-wrapper '__getattribute__' of attributeSetter object at 0x000001F20723B4E0>, gamma=None, gammaErrorPolicy='raise', lms=UNKNOWN, monitor=<psychopy.monitors.calibTools.Monitor object at 0x000001F20727DBA8>, multiSample=False, name='window1', numSamples=2, pos=[0.0, 0.0], screen=0, size=array([1920, 1080]), stencilBits=0, stereo=False, units='height', useFBO=True, useRetina=False, viewOri=0.0, viewPos=None, viewScale=None, waitBlanking=True, winType='pyglet')
13.8240 	EXP 	window1: mouseVisible = True
13.8241 	EXP 	window1: recordFrameIntervals = False
13.8630 	EXP 	window1: recordFrameIntervals = True
13.9098 	EXP 	window1: recordFrameIntervals = False
14.1776 	EXP 	Created image = ImageStim(__class__=<class 'psychopy.visual.image.ImageStim'>, autoLog=True, color=array([1., 1., 1.]), colorSpace='rgb', contrast=1.0, depth=0.0, flipHoriz=False, flipVert=False, image='sin', interpolate=True, mask=None, maskParams=None, name='image', opacity=1, ori=0.0, pos=array([0., 0.]), size=array([0.5, 0.5]), texRes=128.0, units='height', win=Window(...))
14.3372 	EXP 	Imported conditions.xlsx as conditions, 10 conditions, 1 params
14.3385 	EXP 	Created sequence: sequential, trialTypes=10, nReps=1, seed=None
14.3394 	EXP 	New trial (rep=0, index=0): {'images': 'images/target.png'}
14.4062 	EXP 	image: image = 'images/target.png'
19.4006 	EXP 	image: autoDraw = True
20.3195 	EXP 	New trial (rep=0, index=1): {'images': 'images/target.png'}
20.3496 	EXP 	image: autoDraw = False
20.3496 	EXP 	image: image = 'images/target.png'
25.3454 	EXP 	image: autoDraw = True
26.3219 	EXP 	New trial (rep=0, index=2): {'images': 'images/target.png'}
26.3811 	EXP 	image: autoDraw = False
26.3811 	EXP 	image: image = 'images/target.png'
31.3792 	EXP 	image: autoDraw = True
32.3232 	EXP 	New trial (rep=0, index=3): {'images': 'images/target.png'}
32.3774 	EXP 	image: autoDraw = False
32.3774 	EXP 	image: image = 'images/target.png'
37.3770 	EXP 	image: autoDraw = True
38.3196 	EXP 	New trial (rep=0, index=4): {'images': 'images/target.png'}
38.3744 	EXP 	image: autoDraw = False
38.3744 	EXP 	image: image = 'images/target.png'
39.6149 	DATA 	Keypress: escape
42.1862 	EXP 	window1: mouseVisible = True
