1.7648 	WARNING 	We strongly recommend you activate the PTB sound engine in PsychoPy prefs as the preferred audio engine. Its timing is vastly superior. Your prefs are currently set to use ['sounddevice', 'PTB', 'pyo', 'pygame'] (in that order).
9.8915 	EXP 	Created window1 = Window(allowGUI=False, allowStencil=False, autoLog=True, backendConf=UNKNOWN, bitsMode=UNKNOWN, blendMode='avg', bpc=(8, 8, 8), color=array([0, 0, 0]), colorSpace='rgb', depthBits=8, fullscr=<method-wrapper '__getattribute__' of attributeSetter object at 0x7fcb30f8fbe0>, gamma=None, gammaErrorPolicy='raise', lms=UNKNOWN, monitor=<psychopy.monitors.calibTools.Monitor object at 0x7fcb30eb0eb8>, multiSample=False, name='window1', numSamples=2, pos=[360.0, 225.0], screen=0, size=array([2880, 1800]), stencilBits=0, stereo=False, units='height', useFBO=True, useRetina=True, viewOri=0.0, viewPos=None, viewScale=None, waitBlanking=True, winType='pyglet')
9.8919 	EXP 	window1: mouseVisible = True
9.8919 	EXP 	window1: recordFrameIntervals = False
10.0551 	EXP 	window1: recordFrameIntervals = True
10.2388 	EXP 	window1: recordFrameIntervals = False
11.9693 	EXP 	Created image = ImageStim(__class__=<class 'psychopy.visual.image.ImageStim'>, autoLog=True, color=array([1., 1., 1.]), colorSpace='rgb', contrast=1.0, depth=0.0, flipHoriz=False, flipVert=False, image='sin', interpolate=True, mask=None, maskParams=None, name='image', opacity=1, ori=0.0, pos=array([0., 0.]), size=array([0.5, 0.5]), texRes=128.0, units='height', win=Window(...))
11.9780 	EXP 	Imported conditions.xlsx as conditions, 10 conditions, 1 params
11.9788 	EXP 	Created sequence: random, trialTypes=10, nReps=5, seed=None
11.9792 	EXP 	New trial (rep=0, index=0): {'images': 'images/target.png'}
12.0761 	EXP 	image: image = 'images/target.png'
12.0761 	EXP 	image: autoDraw = True
12.5735 	EXP 	New trial (rep=0, index=1): {'images': 'images/target.png'}
12.6285 	EXP 	image: autoDraw = False
12.6285 	EXP 	image: image = 'images/target.png'
12.6285 	EXP 	image: autoDraw = True
13.1718 	EXP 	New trial (rep=0, index=2): {'images': 'images/target.png'}
13.2263 	EXP 	image: autoDraw = False
13.2263 	EXP 	image: image = 'images/target.png'
13.2263 	EXP 	image: autoDraw = True
13.7737 	EXP 	New trial (rep=0, index=3): {'images': 'images/target.png'}
13.8383 	EXP 	image: autoDraw = False
13.8383 	EXP 	image: image = 'images/target.png'
13.8383 	EXP 	image: autoDraw = True
14.3723 	EXP 	New trial (rep=0, index=4): {'images': 'images/target.png'}
14.4244 	EXP 	image: autoDraw = False
14.4244 	EXP 	image: image = 'images/target.png'
14.4244 	EXP 	image: autoDraw = True
14.9731 	EXP 	New trial (rep=0, index=5): {'images': 'images/target.png'}
15.0322 	EXP 	image: autoDraw = False
15.0322 	EXP 	image: image = 'images/target.png'
15.0322 	EXP 	image: autoDraw = True
15.5732 	EXP 	New trial (rep=0, index=6): {'images': 'images/target.png'}
15.6343 	EXP 	image: autoDraw = False
15.6343 	EXP 	image: image = 'images/target.png'
15.6343 	EXP 	image: autoDraw = True
16.1744 	EXP 	New trial (rep=0, index=7): {'images': 'images/target.png'}
16.2408 	EXP 	image: autoDraw = False
16.2408 	EXP 	image: image = 'images/target.png'
16.2408 	EXP 	image: autoDraw = True
16.7744 	EXP 	New trial (rep=0, index=8): {'images': 'images/target.png'}
16.8378 	EXP 	image: autoDraw = False
16.8378 	EXP 	image: image = 'images/target.png'
16.8378 	EXP 	image: autoDraw = True
17.3719 	EXP 	New trial (rep=0, index=9): {'images': 'images/target.png'}
17.4243 	EXP 	image: autoDraw = False
17.4243 	EXP 	image: image = 'images/target.png'
17.4243 	EXP 	image: autoDraw = True
17.9740 	EXP 	New trial (rep=1, index=0): {'images': 'images/target.png'}
18.0383 	EXP 	image: autoDraw = False
18.0383 	EXP 	image: image = 'images/target.png'
18.0383 	EXP 	image: autoDraw = True
18.5751 	EXP 	New trial (rep=1, index=1): {'images': 'images/target.png'}
18.6383 	EXP 	image: autoDraw = False
18.6383 	EXP 	image: image = 'images/target.png'
18.6383 	EXP 	image: autoDraw = True
19.1745 	EXP 	New trial (rep=1, index=2): {'images': 'images/target.png'}
19.2391 	EXP 	image: autoDraw = False
19.2391 	EXP 	image: image = 'images/target.png'
19.2391 	EXP 	image: autoDraw = True
19.7723 	EXP 	New trial (rep=1, index=3): {'images': 'images/target.png'}
19.8318 	EXP 	image: autoDraw = False
19.8318 	EXP 	image: image = 'images/target.png'
19.8318 	EXP 	image: autoDraw = True
20.3742 	EXP 	New trial (rep=1, index=4): {'images': 'images/target.png'}
20.4392 	EXP 	image: autoDraw = False
20.4392 	EXP 	image: image = 'images/target.png'
20.4392 	EXP 	image: autoDraw = True
20.9746 	EXP 	New trial (rep=1, index=5): {'images': 'images/target.png'}
21.0396 	EXP 	image: autoDraw = False
21.0396 	EXP 	image: image = 'images/target.png'
21.0396 	EXP 	image: autoDraw = True
21.5746 	EXP 	New trial (rep=1, index=6): {'images': 'images/target.png'}
21.6372 	EXP 	image: autoDraw = False
21.6372 	EXP 	image: image = 'images/target.png'
21.6372 	EXP 	image: autoDraw = True
22.1751 	EXP 	New trial (rep=1, index=7): {'images': 'images/target.png'}
22.2395 	EXP 	image: autoDraw = False
22.2395 	EXP 	image: image = 'images/target.png'
22.2395 	EXP 	image: autoDraw = True
22.7722 	EXP 	New trial (rep=1, index=8): {'images': 'images/target.png'}
22.8238 	EXP 	image: autoDraw = False
22.8238 	EXP 	image: image = 'images/target.png'
22.8238 	EXP 	image: autoDraw = True
23.3729 	EXP 	New trial (rep=1, index=9): {'images': 'images/target.png'}
23.4308 	EXP 	image: autoDraw = False
23.4308 	EXP 	image: image = 'images/target.png'
23.4308 	EXP 	image: autoDraw = True
23.9740 	EXP 	New trial (rep=2, index=0): {'images': 'images/target.png'}
24.0334 	EXP 	image: autoDraw = False
24.0334 	EXP 	image: image = 'images/target.png'
24.0334 	EXP 	image: autoDraw = True
24.5732 	EXP 	New trial (rep=2, index=1): {'images': 'images/target.png'}
24.6326 	EXP 	image: autoDraw = False
24.6326 	EXP 	image: image = 'images/target.png'
24.6326 	EXP 	image: autoDraw = True
25.1735 	EXP 	New trial (rep=2, index=2): {'images': 'images/target.png'}
25.2361 	EXP 	image: autoDraw = False
25.2361 	EXP 	image: image = 'images/target.png'
25.2361 	EXP 	image: autoDraw = True
25.7735 	EXP 	New trial (rep=2, index=3): {'images': 'images/target.png'}
25.8387 	EXP 	image: autoDraw = False
25.8387 	EXP 	image: image = 'images/target.png'
25.8387 	EXP 	image: autoDraw = True
26.3732 	EXP 	New trial (rep=2, index=4): {'images': 'images/target.png'}
26.4376 	EXP 	image: autoDraw = False
26.4376 	EXP 	image: image = 'images/target.png'
26.4376 	EXP 	image: autoDraw = True
26.9745 	EXP 	New trial (rep=2, index=5): {'images': 'images/target.png'}
27.0405 	EXP 	image: autoDraw = False
27.0405 	EXP 	image: image = 'images/target.png'
27.0405 	EXP 	image: autoDraw = True
27.5738 	EXP 	New trial (rep=2, index=6): {'images': 'images/target.png'}
27.6348 	EXP 	image: autoDraw = False
27.6348 	EXP 	image: image = 'images/target.png'
27.6348 	EXP 	image: autoDraw = True
28.1743 	EXP 	New trial (rep=2, index=7): {'images': 'images/target.png'}
28.2377 	EXP 	image: autoDraw = False
28.2377 	EXP 	image: image = 'images/target.png'
28.2377 	EXP 	image: autoDraw = True
28.7721 	EXP 	New trial (rep=2, index=8): {'images': 'images/target.png'}
28.8245 	EXP 	image: autoDraw = False
28.8245 	EXP 	image: image = 'images/target.png'
28.8245 	EXP 	image: autoDraw = True
29.3726 	EXP 	New trial (rep=2, index=9): {'images': 'images/target.png'}
29.4305 	EXP 	image: autoDraw = False
29.4305 	EXP 	image: image = 'images/target.png'
29.4305 	EXP 	image: autoDraw = True
29.9740 	EXP 	New trial (rep=3, index=0): {'images': 'images/target.png'}
30.0393 	EXP 	image: autoDraw = False
30.0393 	EXP 	image: image = 'images/target.png'
30.0393 	EXP 	image: autoDraw = True
30.5736 	EXP 	New trial (rep=3, index=1): {'images': 'images/target.png'}
30.6384 	EXP 	image: autoDraw = False
30.6384 	EXP 	image: image = 'images/target.png'
30.6384 	EXP 	image: autoDraw = True
31.1740 	EXP 	New trial (rep=3, index=2): {'images': 'images/target.png'}
31.2404 	EXP 	image: autoDraw = False
31.2404 	EXP 	image: image = 'images/target.png'
31.2404 	EXP 	image: autoDraw = True
31.7745 	EXP 	New trial (rep=3, index=3): {'images': 'images/target.png'}
31.8399 	EXP 	image: autoDraw = False
31.8399 	EXP 	image: image = 'images/target.png'
31.8399 	EXP 	image: autoDraw = True
32.3727 	EXP 	New trial (rep=3, index=4): {'images': 'images/target.png'}
32.4332 	EXP 	image: autoDraw = False
32.4332 	EXP 	image: image = 'images/target.png'
32.4332 	EXP 	image: autoDraw = True
32.9721 	EXP 	New trial (rep=3, index=5): {'images': 'images/target.png'}
33.0294 	EXP 	image: autoDraw = False
33.0294 	EXP 	image: image = 'images/target.png'
33.0294 	EXP 	image: autoDraw = True
33.5725 	EXP 	New trial (rep=3, index=6): {'images': 'images/target.png'}
33.6318 	EXP 	image: autoDraw = False
33.6318 	EXP 	image: image = 'images/target.png'
33.6318 	EXP 	image: autoDraw = True
34.1725 	EXP 	New trial (rep=3, index=7): {'images': 'images/target.png'}
34.2511 	EXP 	image: autoDraw = False
34.2511 	EXP 	image: image = 'images/target.png'
34.2511 	EXP 	image: autoDraw = True
34.7727 	EXP 	New trial (rep=3, index=8): {'images': 'images/target.png'}
34.8533 	EXP 	image: autoDraw = False
34.8533 	EXP 	image: image = 'images/target.png'
34.8533 	EXP 	image: autoDraw = True
35.3723 	EXP 	New trial (rep=3, index=9): {'images': 'images/target.png'}
35.4279 	EXP 	image: autoDraw = False
35.4279 	EXP 	image: image = 'images/target.png'
35.4279 	EXP 	image: autoDraw = True
35.9720 	EXP 	New trial (rep=4, index=0): {'images': 'images/target.png'}
36.0262 	DATA 	Keypress: escape
36.0338 	EXP 	image: autoDraw = False
36.0338 	EXP 	image: image = 'images/target.png'
36.0338 	EXP 	image: autoDraw = True
36.7478 	EXP 	window1: mouseVisible = True
